[0.000000] (-) TimerEvent: {}
[0.000295] (-) JobUnselected: {'identifier': 'axiom_arm'}
[0.000433] (-) JobUnselected: {'identifier': 'axiom_bringup'}
[0.000502] (-) JobUnselected: {'identifier': 'axiom_mission'}
[0.000524] (-) JobUnselected: {'identifier': 'axiom_msgs'}
[0.000550] (-) JobUnselected: {'identifier': 'axiom_perception'}
[0.000571] (-) JobUnselected: {'identifier': 'axiom_refbox_bridge'}
[0.000589] (-) JobUnselected: {'identifier': 'axiom_reverse_guard'}
[0.000675] (-) JobUnselected: {'identifier': 'axiom_utils'}
[0.000695] (axiom_base_bridge) JobQueued: {'identifier': 'axiom_base_bridge', 'dependencies': OrderedDict()}
[0.000718] (axiom_base_bridge) JobStarted: {'identifier': 'axiom_base_bridge'}
[0.099548] (-) TimerEvent: {}
[0.199785] (-) TimerEvent: {}
[0.300012] (-) TimerEvent: {}
[0.400244] (-) TimerEvent: {}
[0.500486] (-) TimerEvent: {}
[0.600709] (-) TimerEvent: {}
[0.700933] (-) TimerEvent: {}
[0.801170] (-) TimerEvent: {}
[0.901402] (-) TimerEvent: {}
[0.937497] (axiom_base_bridge) Command: {'cmd': ['/usr/bin/python3', '-W', 'ignore:setup.py install is deprecated', '-W', 'ignore:easy_install command is deprecated', 'setup.py', 'develop', '--editable', '--build-directory', '/home/ing-vishwa/Desktop/Axiom_Robotics/axiom_ws/build/axiom_base_bridge/build', '--no-deps', 'symlink_data'], 'cwd': '/home/ing-vishwa/Desktop/Axiom_Robotics/axiom_ws/build/axiom_base_bridge', 'env': {'GJS_DEBUG_TOPICS': 'JS ERROR;JS LOG', 'PYTHON_BASIC_REPL': '1', 'GZ_SIM_RESOURCE_PATH': '/opt/ros/jazzy/share:/mnt/data/robot-assets/unitree_ros/unitree_gazebo:/mnt/data/robot-assets/unitree_ros/unitree_gazebo:/mnt/data/gz_models:/usr/share/gz/gazebo/models:/usr/share/gazebo-11/models:/usr/share/gazebo/models:/mnt/data/robot-assets/unitree_ros/unitree_gazebo:/mnt/data/robot-assets/unitree_ros/unitree_gazebo:/mnt/data/gz_models:/usr/share/gz/gazebo/models:/usr/share/gazebo-11/models:/usr/share/gazebo/models', 'USER': 'ing-vishwa', 'GZ_CONFIG_PATH': '/opt/ros/jazzy/opt/gz_sim_vendor/share/gz:/opt/ros/jazzy/opt/sdformat_vendor/share/gz:/opt/ros/jazzy/opt/gz_gui_vendor/share/gz:/opt/ros/jazzy/opt/gz_transport_vendor/share/gz:/opt/ros/jazzy/opt/gz_rendering_vendor/share/gz:/opt/ros/jazzy/opt/gz_plugin_vendor/share/gz:/opt/ros/jazzy/opt/gz_fuel_tools_vendor/share/gz:/opt/ros/jazzy/opt/gz_msgs_vendor/share/gz:/opt/ros/jazzy/opt/gz_common_vendor/share/gz', 'STARSHIP_SHELL': 'bash', 'ROS_PACKAGE_PATH': '/home/ing-vishwa/Desktop/Axiom_Robotics/axiom_ws/install/axiom_msgs/share', 'XDG_SESSION_TYPE': 'x11', 'GIT_ASKPASS': '/usr/share/code/resources/app/extensions/git/dist/askpass.sh', 'CLUTTER_DISABLE_MIPMAPPED_TEXT': '1', 'SHLVL': '2', 'LD_LIBRARY_PATH': '/opt/ros/jazzy/opt/gz_sim_vendor/lib:/opt/ros/jazzy/opt/gz_sensors_vendor/lib:/opt/ros/jazzy/opt/gz_physics_vendor/lib:/opt/ros/jazzy/opt/sdformat_vendor/lib:/opt/ros/jazzy/opt/rviz_ogre_vendor/lib:/opt/ros/jazzy/lib/x86_64-linux-gnu:/opt/ros/jazzy/opt/gz_gui_vendor/lib:/opt/ros/jazzy/opt/gz_transport_vendor/lib:/opt/ros/jazzy/opt/gz_rendering_vendor/lib:/opt/ros/jazzy/opt/gz_plugin_vendor/lib:/opt/ros/jazzy/opt/gz_fuel_tools_vendor/lib:/opt/ros/jazzy/opt/gz_msgs_vendor/lib:/opt/ros/jazzy/opt/gz_common_vendor/lib:/opt/ros/jazzy/opt/gz_math_vendor/lib:/opt/ros/jazzy/opt/gz_utils_vendor/lib:/opt/ros/jazzy/opt/gz_tools_vendor/lib:/opt/ros/jazzy/opt/gz_ogre_next_vendor/lib:/opt/ros/jazzy/opt/gz_dartsim_vendor/lib:/opt/ros/jazzy/opt/gz_cmake_vendor/lib:/opt/ros/jazzy/lib', 'HOME': '/home/ing-vishwa', 'CHROME_DESKTOP': 'code.desktop', 'OLDPWD': '/home/ing-vishwa/Desktop/Axiom_Robotics/axiom_ws', 'TERM_PROGRAM_VERSION': '1.105.1', 'DESKTOP_SESSION': 'ubuntu', 'NVM_BIN': '/home/ing-vishwa/.nvm/versions/node/v22.20.0/bin', 'NVM_INC': '/home/ing-vishwa/.nvm/versions/node/v22.20.0/include/node', 'GIO_LAUNCHED_DESKTOP_FILE': '/usr/share/applications/code.desktop', 'ROS_PYTHON_VERSION': '3', 'GNOME_SHELL_SESSION_MODE': 'ubuntu', 'GTK_MODULES': 'gail:atk-bridge', 'VSCODE_GIT_ASKPASS_MAIN': '/usr/share/code/resources/app/extensions/git/dist/askpass-main.js', 'VSCODE_GIT_ASKPASS_NODE': '/usr/share/code/code', 'MANAGERPID': '4045', 'SYSTEMD_EXEC_PID': '4525', 'VSCODE_PYTHON_AUTOACTIVATE_GUARD': '1', 'GSM_SKIP_SSH_AGENT_WORKAROUND': 'true', 'DBUS_SESSION_BUS_ADDRESS': 'unix:path=/run/user/1000/bus', 'COLORTERM': 'truecolor', 'GIO_LAUNCHED_DESKTOP_FILE_PID': '5813', 'NVM_DIR': '/home/ing-vishwa/.nvm', 'DEBUGINFOD_URLS': 'https://debuginfod.ubuntu.com', 'COLCON_PREFIX_PATH': '/home/ing-vishwa/Desktop/Axiom_Robotics/axiom_ws/install', 'ROS_DISTRO': 'jazzy', 'LOGNAME': 'ing-vishwa', 'JOURNAL_STREAM': '9:29766', '_': '/usr/bin/colcon', 'ROS_VERSION': '2', 'PKG_CONFIG_PATH': '/home/ing-vishwa/Desktop/Axiom_Robotics/axiom_ws/install/axiom_msgs/lib/x86_64-linux-gnu/pkgconfig:/home/ing-vishwa/Desktop/Axiom_Robotics/axiom_ws/install/axiom_msgs/lib/pkgconfig', 'MEMORY_PRESSURE_WATCH': '/sys/fs/cgroup/user.slice/user-1000.slice/user@1000.service/session.slice/org.gnome.Shell@x11.service/memory.pressure', 'XDG_SESSION_CLASS': 'user', 'USERNAME': 'ing-vishwa', 'TERM': 'xterm-256color', 'GNOME_DESKTOP_SESSION_ID': 'this-is-deprecated', 'HISTCONTROL': 'ignoredups:erasedups', 'WINDOWPATH': '2', 'QT_X11_NO_MITSHM': '1', 'PATH': '/home/ing-vishwa/Desktop/Axiom_Robotics/axiom_ws/install/axiom_utils/bin:/home/ing-vishwa/Desktop/Axiom_Robotics/axiom_ws/install/axiom_reverse_guard/bin:/home/ing-vishwa/Desktop/Axiom_Robotics/axiom_ws/install/axiom_refbox_bridge/bin:/home/ing-vishwa/Desktop/Axiom_Robotics/axiom_ws/install/axiom_perception/bin:/home/ing-vishwa/Desktop/Axiom_Robotics/axiom_ws/install/axiom_mission/bin:/home/ing-vishwa/Desktop/Axiom_Robotics/axiom_ws/install/axiom_base_bridge/bin:/home/ing-vishwa/Desktop/Axiom_Robotics/axiom_ws/install/axiom_arm/bin:/home/ing-vishwa/.nvm/versions/node/v22.20.0/bin:/opt/ros/jazzy/opt/gz_msgs_vendor/bin:/opt/ros/jazzy/opt/gz_tools_vendor/bin:/opt/ros/jazzy/opt/gz_ogre_next_vendor/bin:/opt/ros/jazzy/bin:/home/ing-vishwa/Downloads/dose-cal-main/flutter/bin:/usr/local/sbin:/usr/local/bin:/usr/sbin:/usr/bin:/sbin:/bin:/usr/games:/usr/local/games:/snap/bin:/snap/bin', 'SESSION_MANAGER': 'local/Ing-Vishwa:@/tmp/.ICE-unix/4500,unix/Ing-Vishwa:/tmp/.ICE-unix/4500', 'INVOCATION_ID': 'e279d0f0d15b4359a16286b64f1a158b', 'GTK3_MODULES': 'xapp-gtk3-module', 'XDG_MENU_PREFIX': 'gnome-', 'XDG_RUNTIME_DIR': '/run/user/1000', 'GDK_BACKEND': 'x11', 'DISPLAY': ':1', 'LANG': 'en_US.UTF-8', 'XDG_CURRENT_DESKTOP': 'Unity', 'PYTHONSTARTUP': '/home/ing-vishwa/.config/Code/User/workspaceStorage/5f3f9c4771ac059dd6ccbb2b254762f2/ms-python.python/pythonrc.py', 'GZ_IP': '127.0.0.1', 'XMODIFIERS': '@im=ibus', 'XDG_SESSION_DESKTOP': 'ubuntu', 'XAUTHORITY': '/run/user/1000/gdm/Xauthority', 'VSCODE_GIT_IPC_HANDLE': '/run/user/1000/vscode-git-5da740b334.sock', 'TERM_PROGRAM': 'vscode', 'SSH_AUTH_SOCK': '/run/user/1000/keyring/ssh', 'AMENT_PREFIX_PATH': '/home/ing-vishwa/Desktop/Axiom_Robotics/axiom_ws/install/usb_cam:/home/ing-vishwa/Desktop/Axiom_Robotics/axiom_ws/install/twist_mux:/home/ing-vishwa/Desktop/Axiom_Robotics/axiom_ws/install/sllidar_ros2:/home/ing-vishwa/Desktop/Axiom_Robotics/axiom_ws/install/axiom_utils:/home/ing-vishwa/Desktop/Axiom_Robotics/axiom_ws/install/axiom_reverse_guard:/home/ing-vishwa/Desktop/Axiom_Robotics/axiom_ws/install/axiom_refbox_bridge:/home/ing-vishwa/Desktop/Axiom_Robotics/axiom_ws/install/axiom_perception:/home/ing-vishwa/Desktop/Axiom_Robotics/axiom_ws/install/axiom_mission:/home/ing-vishwa/Desktop/Axiom_Robotics/axiom_ws/install/axiom_bringup:/home/ing-vishwa/Desktop/Axiom_Robotics/axiom_ws/install/axiom_base_bridge:/home/ing-vishwa/Desktop/Axiom_Robotics/axiom_ws/install/axiom_arm:/opt/ros/jazzy', 'ORIGINAL_XDG_CURRENT_DESKTOP': 'ubuntu:GNOME', 'SHELL': '/bin/bash', 'QT_ACCESSIBILITY': '1', 'GDMSESSION': 'ubuntu', 'GPG_AGENT_INFO': '/run/user/1000/gnupg/S.gpg-agent:0:1', 'GAZEBO_RESOURCE_PATH': ':/mnt/data/robot-assets/unitree_ros/unitree_gazebo:/mnt/data/robot-assets/unitree_ros/unitree_gazebo:/mnt/data/robot-assets/unitree_ros/unitree_gazebo:/mnt/data/robot-assets/unitree_ros/unitree_gazebo', 'GJS_DEBUG_OUTPUT': 'stderr', 'ROS_AUTOMATIC_DISCOVERY_RANGE': 'SUBNET', 'VSCODE_GIT_ASKPASS_EXTRA_ARGS': '', 'QT_IM_MODULE': 'ibus', 'PWD': '/home/ing-vishwa/Desktop/Axiom_Robotics/axiom_ws/build/axiom_base_bridge', 'QT_QPA_PLATFORM': 'xcb', 'XDG_CONFIG_DIRS': '/etc/xdg/xdg-ubuntu:/etc/xdg', 'NVM_CD_FLAGS': '', 'XDG_DATA_DIRS': '/usr/share/ubuntu:/usr/share/gnome:/home/ing-vishwa/.local/share/flatpak/exports/share:/var/lib/flatpak/exports/share:/usr/local/share/:/usr/share/:/var/lib/snapd/desktop', 'QTWEBENGINE_DICTIONARIES_PATH': '/usr/share/hunspell-bdic/', 'STARSHIP_SESSION_KEY': '7436263982935213', 'PYTHONPATH': '/home/ing-vishwa/Desktop/Axiom_Robotics/axiom_ws/build/axiom_base_bridge/prefix_override:/usr/lib/python3/dist-packages/colcon_core/task/python/colcon_distutils_commands:/home/ing-vishwa/Desktop/Axiom_Robotics/axiom_ws/install/axiom_base_bridge/lib/python3.12/site-packages:/home/ing-vishwa/Desktop/Axiom_Robotics/axiom_ws/build/axiom_base_bridge/.:/home/ing-vishwa/Desktop/Axiom_Robotics/axiom_ws/build/axiom_utils:/home/ing-vishwa/Desktop/Axiom_Robotics/axiom_ws/install/axiom_utils/lib/python3.12/site-packages:/home/ing-vishwa/Desktop/Axiom_Robotics/axiom_ws/build/axiom_reverse_guard:/home/ing-vishwa/Desktop/Axiom_Robotics/axiom_ws/install/axiom_reverse_guard/lib/python3.12/site-packages:/home/ing-vishwa/Desktop/Axiom_Robotics/axiom_ws/build/axiom_refbox_bridge:/home/ing-vishwa/Desktop/Axiom_Robotics/axiom_ws/install/axiom_refbox_bridge/lib/python3.12/site-packages:/home/ing-vishwa/Desktop/Axiom_Robotics/axiom_ws/build/axiom_perception:/home/ing-vishwa/Desktop/Axiom_Robotics/axiom_ws/install/axiom_perception/lib/python3.12/site-packages:/home/ing-vishwa/Desktop/Axiom_Robotics/axiom_ws/install/axiom_msgs/lib/python3.12/site-packages:/home/ing-vishwa/Desktop/Axiom_Robotics/axiom_ws/build/axiom_mission:/home/ing-vishwa/Desktop/Axiom_Robotics/axiom_ws/install/axiom_mission/lib/python3.12/site-packages:/home/ing-vishwa/Desktop/Axiom_Robotics/axiom_ws/build/axiom_bringup:/home/ing-vishwa/Desktop/Axiom_Robotics/axiom_ws/install/axiom_bringup/lib/python3.12/site-packages:/home/ing-vishwa/Desktop/Axiom_Robotics/axiom_ws/build/axiom_base_bridge:/home/ing-vishwa/Desktop/Axiom_Robotics/axiom_ws/install/axiom_base_bridge/lib/python3.12/site-packages:/home/ing-vishwa/Desktop/Axiom_Robotics/axiom_ws/build/axiom_arm:/home/ing-vishwa/Desktop/Axiom_Robotics/axiom_ws/install/axiom_arm/lib/python3.12/site-packages:/opt/ros/jazzy/lib/python3.12/site-packages', 'COLCON': '1', 'MEMORY_PRESSURE_WRITE': 'c29tZSAyMDAwMDAgMjAwMDAwMAA=', 'CMAKE_PREFIX_PATH': '/home/ing-vishwa/Desktop/Axiom_Robotics/axiom_ws/install/usb_cam:/home/ing-vishwa/Desktop/Axiom_Robotics/axiom_ws/install/twist_mux:/home/ing-vishwa/Desktop/Axiom_Robotics/axiom_ws/install/sllidar_ros2:/home/ing-vishwa/Desktop/Axiom_Robotics/axiom_ws/install/axiom_msgs:/opt/ros/jazzy/opt/gz_sim_vendor:/opt/ros/jazzy/opt/gz_sensors_vendor:/opt/ros/jazzy/opt/gz_physics_vendor:/opt/ros/jazzy/opt/sdformat_vendor:/opt/ros/jazzy/opt/gz_gui_vendor:/opt/ros/jazzy/opt/gz_transport_vendor:/opt/ros/jazzy/opt/gz_rendering_vendor:/opt/ros/jazzy/opt/gz_plugin_vendor:/opt/ros/jazzy/opt/gz_fuel_tools_vendor:/opt/ros/jazzy/opt/gz_msgs_vendor:/opt/ros/jazzy/opt/gz_common_vendor:/opt/ros/jazzy/opt/gz_math_vendor:/opt/ros/jazzy/opt/gz_utils_vendor:/opt/ros/jazzy/opt/gz_tools_vendor:/opt/ros/jazzy/opt/gz_ogre_next_vendor:/opt/ros/jazzy/opt/gz_dartsim_vendor:/opt/ros/jazzy/opt/gz_cmake_vendor'}, 'shell': False}
[1.001518] (-) TimerEvent: {}
[1.101767] (-) TimerEvent: {}
[1.201997] (-) TimerEvent: {}
[1.302235] (-) TimerEvent: {}
[1.350288] (axiom_base_bridge) StdoutLine: {'line': b'running develop\n'}
[1.402354] (-) TimerEvent: {}
[1.502604] (-) TimerEvent: {}
[1.602860] (-) TimerEvent: {}
[1.612850] (axiom_base_bridge) StdoutLine: {'line': b'running egg_info\n'}
[1.640693] (axiom_base_bridge) StdoutLine: {'line': b'writing axiom_base_bridge.egg-info/PKG-INFO\n'}
[1.641013] (axiom_base_bridge) StdoutLine: {'line': b'writing dependency_links to axiom_base_bridge.egg-info/dependency_links.txt\n'}
[1.641230] (axiom_base_bridge) StdoutLine: {'line': b'writing entry points to axiom_base_bridge.egg-info/entry_points.txt\n'}
[1.641398] (axiom_base_bridge) StdoutLine: {'line': b'writing requirements to axiom_base_bridge.egg-info/requires.txt\n'}
[1.641545] (axiom_base_bridge) StdoutLine: {'line': b'writing top-level names to axiom_base_bridge.egg-info/top_level.txt\n'}
[1.691936] (axiom_base_bridge) StdoutLine: {'line': b"reading manifest file 'axiom_base_bridge.egg-info/SOURCES.txt'\n"}
[1.692802] (axiom_base_bridge) StdoutLine: {'line': b"writing manifest file 'axiom_base_bridge.egg-info/SOURCES.txt'\n"}
[1.702978] (-) TimerEvent: {}
[1.720072] (axiom_base_bridge) StdoutLine: {'line': b'running build_ext\n'}
[1.720270] (axiom_base_bridge) StdoutLine: {'line': b'Creating /home/ing-vishwa/Desktop/Axiom_Robotics/axiom_ws/install/axiom_base_bridge/lib/python3.12/site-packages/axiom-base-bridge.egg-link (link to .)\n'}
[1.720770] (axiom_base_bridge) StdoutLine: {'line': b'Installing bridge script to /home/ing-vishwa/Desktop/Axiom_Robotics/axiom_ws/install/axiom_base_bridge/lib/axiom_base_bridge\n'}
[1.721196] (axiom_base_bridge) StdoutLine: {'line': b'\n'}
[1.721380] (axiom_base_bridge) StdoutLine: {'line': b'Installed /home/ing-vishwa/Desktop/Axiom_Robotics/axiom_ws/build/axiom_base_bridge\n'}
[1.721522] (axiom_base_bridge) StdoutLine: {'line': b'running symlink_data\n'}
[1.760877] (axiom_base_bridge) CommandEnded: {'returncode': 0}
[1.772296] (axiom_base_bridge) JobEnded: {'identifier': 'axiom_base_bridge', 'rc': 0}
[1.773035] (-) EventReactorShutdown: {}
