running develop
running egg_info
creating axiom_base_bridge.egg-info
writing axiom_base_bridge.egg-info/PKG-INFO
writing dependency_links to axiom_base_bridge.egg-info/dependency_links.txt
writing entry points to axiom_base_bridge.egg-info/entry_points.txt
writing requirements to axiom_base_bridge.egg-info/requires.txt
writing top-level names to axiom_base_bridge.egg-info/top_level.txt
writing manifest file 'axiom_base_bridge.egg-info/SOURCES.txt'
reading manifest file 'axiom_base_bridge.egg-info/SOURCES.txt'
writing manifest file 'axiom_base_bridge.egg-info/SOURCES.txt'
running build_ext
Creating /home/ing-vishwa/Desktop/Axiom_Robotics/axiom_ws/install/axiom_base_bridge/lib/python3.12/site-packages/axiom-base-bridge.egg-link (link to .)
Installing bridge script to /home/ing-vishwa/Desktop/Axiom_Robotics/axiom_ws/install/axiom_base_bridge/lib/axiom_base_bridge

Installed /home/ing-vishwa/Desktop/Axiom_Robotics/axiom_ws/build/axiom_base_bridge
running symlink_data
creating /home/ing-vishwa/Desktop/Axiom_Robotics/axiom_ws/install/axiom_base_bridge/share/ament_index
creating /home/ing-vishwa/Desktop/Axiom_Robotics/axiom_ws/install/axiom_base_bridge/share/ament_index/resource_index
creating /home/ing-vishwa/Desktop/Axiom_Robotics/axiom_ws/install/axiom_base_bridge/share/ament_index/resource_index/packages
symbolically linking /home/ing-vishwa/Desktop/Axiom_Robotics/axiom_ws/build/axiom_base_bridge/resource/axiom_base_bridge -> /home/ing-vishwa/Desktop/Axiom_Robotics/axiom_ws/install/axiom_base_bridge/share/ament_index/resource_index/packages
symbolically linking /home/ing-vishwa/Desktop/Axiom_Robotics/axiom_ws/build/axiom_base_bridge/package.xml -> /home/ing-vishwa/Desktop/Axiom_Robotics/axiom_ws/install/axiom_base_bridge/share/axiom_base_bridge
