[0.926s] Invoking command in '/home/ing-vishwa/Desktop/Axiom_Robotics/axiom_ws/build/axiom_base_bridge': DEBUGINFOD_URLS=https://debuginfod.ubuntu.com PYTHONPATH=/home/ing-vishwa/Desktop/Axiom_Robotics/axiom_ws/build/axiom_base_bridge/prefix_override:/usr/lib/python3/dist-packages/colcon_core/task/python/colcon_distutils_commands:/home/ing-vishwa/Desktop/Axiom_Robotics/axiom_ws/install/axiom_base_bridge/lib/python3.12/site-packages:${PYTHONPATH} /usr/bin/python3 -W ignore:setup.py install is deprecated -W ignore:easy_install command is deprecated setup.py develop --editable --build-directory /home/ing-vishwa/Desktop/Axiom_Robotics/axiom_ws/build/axiom_base_bridge/build --no-deps symlink_data
[1.294s] running develop
[1.552s] running egg_info
[1.553s] creating axiom_base_bridge.egg-info
[1.582s] writing axiom_base_bridge.egg-info/PKG-INFO
[1.582s] writing dependency_links to axiom_base_bridge.egg-info/dependency_links.txt
[1.582s] writing entry points to axiom_base_bridge.egg-info/entry_points.txt
[1.586s] writing requirements to axiom_base_bridge.egg-info/requires.txt
[1.586s] writing top-level names to axiom_base_bridge.egg-info/top_level.txt
[1.586s] writing manifest file 'axiom_base_bridge.egg-info/SOURCES.txt'
[1.658s] reading manifest file 'axiom_base_bridge.egg-info/SOURCES.txt'
[1.658s] writing manifest file 'axiom_base_bridge.egg-info/SOURCES.txt'
[1.684s] running build_ext
[1.684s] Creating /home/ing-vishwa/Desktop/Axiom_Robotics/axiom_ws/install/axiom_base_bridge/lib/python3.12/site-packages/axiom-base-bridge.egg-link (link to .)
[1.684s] Installing bridge script to /home/ing-vishwa/Desktop/Axiom_Robotics/axiom_ws/install/axiom_base_bridge/lib/axiom_base_bridge
[1.685s] 
[1.685s] Installed /home/ing-vishwa/Desktop/Axiom_Robotics/axiom_ws/build/axiom_base_bridge
[1.685s] running symlink_data
[1.685s] creating /home/ing-vishwa/Desktop/Axiom_Robotics/axiom_ws/install/axiom_base_bridge/share/ament_index
[1.685s] creating /home/ing-vishwa/Desktop/Axiom_Robotics/axiom_ws/install/axiom_base_bridge/share/ament_index/resource_index
[1.685s] creating /home/ing-vishwa/Desktop/Axiom_Robotics/axiom_ws/install/axiom_base_bridge/share/ament_index/resource_index/packages
[1.686s] symbolically linking /home/ing-vishwa/Desktop/Axiom_Robotics/axiom_ws/build/axiom_base_bridge/resource/axiom_base_bridge -> /home/ing-vishwa/Desktop/Axiom_Robotics/axiom_ws/install/axiom_base_bridge/share/ament_index/resource_index/packages
[1.686s] symbolically linking /home/ing-vishwa/Desktop/Axiom_Robotics/axiom_ws/build/axiom_base_bridge/package.xml -> /home/ing-vishwa/Desktop/Axiom_Robotics/axiom_ws/install/axiom_base_bridge/share/axiom_base_bridge
[1.720s] Invoked command in '/home/ing-vishwa/Desktop/Axiom_Robotics/axiom_ws/build/axiom_base_bridge' returned '0': DEBUGINFOD_URLS=https://debuginfod.ubuntu.com PYTHONPATH=/home/ing-vishwa/Desktop/Axiom_Robotics/axiom_ws/build/axiom_base_bridge/prefix_override:/usr/lib/python3/dist-packages/colcon_core/task/python/colcon_distutils_commands:/home/ing-vishwa/Desktop/Axiom_Robotics/axiom_ws/install/axiom_base_bridge/lib/python3.12/site-packages:${PYTHONPATH} /usr/bin/python3 -W ignore:setup.py install is deprecated -W ignore:easy_install command is deprecated setup.py develop --editable --build-directory /home/ing-vishwa/Desktop/Axiom_Robotics/axiom_ws/build/axiom_base_bridge/build --no-deps symlink_data
