[0.105s] DEBUG:colcon:Command line arguments: ['/usr/bin/colcon', 'build', '--packages-select', 'axiom_base_bridge', '--symlink-install']
[0.105s] DEBUG:colcon:Parsed command line arguments: Namespace(log_base=None, log_level=None, verb_name='build', build_base='build', install_base='install', merge_install=False, symlink_install=True, test_result_base=None, continue_on_error=False, executor='parallel', parallel_workers=8, event_handlers=None, ignore_user_meta=False, metas=['./colcon.meta'], base_paths=['.'], packages_ignore=None, packages_ignore_regex=None, paths=None, packages_up_to=None, packages_up_to_regex=None, packages_above=None, packages_above_and_dependencies=None, packages_above_depth=None, packages_select_by_dep=None, packages_skip_by_dep=None, packages_skip_up_to=None, packages_select_build_failed=False, packages_skip_build_finished=False, packages_select_test_failures=False, packages_skip_test_passed=False, packages_select=['axiom_base_bridge'], packages_skip=None, packages_select_regex=None, packages_skip_regex=None, packages_start=None, packages_end=None, allow_overriding=[], cmake_args=None, cmake_target=None, cmake_target_skip_unavailable=False, cmake_clean_cache=False, cmake_clean_first=False, cmake_force_configure=False, ament_cmake_args=None, catkin_cmake_args=None, catkin_skip_building_tests=False, mixin_files=None, mixin=None, verb_parser=<colcon_mixin.mixin.mixin_argument.MixinArgumentDecorator object at 0x7cecf58c10d0>, verb_extension=<colcon_core.verb.build.BuildVerb object at 0x7cecf58c0dd0>, main=<bound method BuildVerb.main of <colcon_core.verb.build.BuildVerb object at 0x7cecf58c0dd0>>, mixin_verb=('build',))
[0.142s] Level 1:colcon.colcon_core.package_discovery:discover_packages(colcon_meta) check parameters
[0.142s] Level 1:colcon.colcon_core.package_discovery:discover_packages(recursive) check parameters
[0.142s] Level 1:colcon.colcon_core.package_discovery:discover_packages(ignore) check parameters
[0.142s] Level 1:colcon.colcon_core.package_discovery:discover_packages(path) check parameters
[0.142s] Level 1:colcon.colcon_core.package_discovery:discover_packages(colcon_meta) discover
[0.143s] Level 1:colcon.colcon_core.package_discovery:discover_packages(recursive) discover
[0.143s] INFO:colcon.colcon_core.package_discovery:Crawling recursively for packages in '/home/ing-vishwa/Desktop/Axiom_Robotics/axiom_ws'
[0.143s] Level 1:colcon.colcon_core.package_identification:_identify(.) by extensions ['ignore', 'ignore_ament_install']
[0.143s] Level 1:colcon.colcon_core.package_identification:_identify(.) by extension 'ignore'
[0.143s] Level 1:colcon.colcon_core.package_identification:_identify(.) by extension 'ignore_ament_install'
[0.143s] Level 1:colcon.colcon_core.package_identification:_identify(.) by extensions ['colcon_pkg']
[0.143s] Level 1:colcon.colcon_core.package_identification:_identify(.) by extension 'colcon_pkg'
[0.143s] Level 1:colcon.colcon_core.package_identification:_identify(.) by extensions ['colcon_meta']
[0.143s] Level 1:colcon.colcon_core.package_identification:_identify(.) by extension 'colcon_meta'
[0.143s] Level 1:colcon.colcon_core.package_identification:_identify(.) by extensions ['ros']
[0.143s] Level 1:colcon.colcon_core.package_identification:_identify(.) by extension 'ros'
[0.167s] Level 1:colcon.colcon_core.package_identification:_identify(.) by extensions ['cmake', 'python']
[0.167s] Level 1:colcon.colcon_core.package_identification:_identify(.) by extension 'cmake'
[0.167s] Level 1:colcon.colcon_core.package_identification:_identify(.) by extension 'python'
[0.167s] Level 1:colcon.colcon_core.package_identification:_identify(.) by extensions ['python_setup_py']
[0.167s] Level 1:colcon.colcon_core.package_identification:_identify(.) by extension 'python_setup_py'
[0.167s] Level 1:colcon.colcon_core.package_identification:_identify(build) by extensions ['ignore', 'ignore_ament_install']
[0.167s] Level 1:colcon.colcon_core.package_identification:_identify(build) by extension 'ignore'
[0.167s] Level 1:colcon.colcon_core.package_identification:_identify(build) ignored
[0.167s] Level 1:colcon.colcon_core.package_identification:_identify(firmware) by extensions ['ignore', 'ignore_ament_install']
[0.168s] Level 1:colcon.colcon_core.package_identification:_identify(firmware) by extension 'ignore'
[0.168s] Level 1:colcon.colcon_core.package_identification:_identify(firmware) by extension 'ignore_ament_install'
[0.168s] Level 1:colcon.colcon_core.package_identification:_identify(firmware) by extensions ['colcon_pkg']
[0.168s] Level 1:colcon.colcon_core.package_identification:_identify(firmware) by extension 'colcon_pkg'
[0.168s] Level 1:colcon.colcon_core.package_identification:_identify(firmware) by extensions ['colcon_meta']
[0.168s] Level 1:colcon.colcon_core.package_identification:_identify(firmware) by extension 'colcon_meta'
[0.168s] Level 1:colcon.colcon_core.package_identification:_identify(firmware) by extensions ['ros']
[0.168s] Level 1:colcon.colcon_core.package_identification:_identify(firmware) by extension 'ros'
[0.168s] Level 1:colcon.colcon_core.package_identification:_identify(firmware) by extensions ['cmake', 'python']
[0.168s] Level 1:colcon.colcon_core.package_identification:_identify(firmware) by extension 'cmake'
[0.168s] Level 1:colcon.colcon_core.package_identification:_identify(firmware) by extension 'python'
[0.168s] Level 1:colcon.colcon_core.package_identification:_identify(firmware) by extensions ['python_setup_py']
[0.168s] Level 1:colcon.colcon_core.package_identification:_identify(firmware) by extension 'python_setup_py'
[0.168s] Level 1:colcon.colcon_core.package_identification:_identify(firmware/mega_base_bridge) by extensions ['ignore', 'ignore_ament_install']
[0.168s] Level 1:colcon.colcon_core.package_identification:_identify(firmware/mega_base_bridge) by extension 'ignore'
[0.168s] Level 1:colcon.colcon_core.package_identification:_identify(firmware/mega_base_bridge) by extension 'ignore_ament_install'
[0.168s] Level 1:colcon.colcon_core.package_identification:_identify(firmware/mega_base_bridge) by extensions ['colcon_pkg']
[0.168s] Level 1:colcon.colcon_core.package_identification:_identify(firmware/mega_base_bridge) by extension 'colcon_pkg'
[0.169s] Level 1:colcon.colcon_core.package_identification:_identify(firmware/mega_base_bridge) by extensions ['colcon_meta']
[0.169s] Level 1:colcon.colcon_core.package_identification:_identify(firmware/mega_base_bridge) by extension 'colcon_meta'
[0.169s] Level 1:colcon.colcon_core.package_identification:_identify(firmware/mega_base_bridge) by extensions ['ros']
[0.169s] Level 1:colcon.colcon_core.package_identification:_identify(firmware/mega_base_bridge) by extension 'ros'
[0.169s] Level 1:colcon.colcon_core.package_identification:_identify(firmware/mega_base_bridge) by extensions ['cmake', 'python']
[0.169s] Level 1:colcon.colcon_core.package_identification:_identify(firmware/mega_base_bridge) by extension 'cmake'
[0.169s] Level 1:colcon.colcon_core.package_identification:_identify(firmware/mega_base_bridge) by extension 'python'
[0.169s] Level 1:colcon.colcon_core.package_identification:_identify(firmware/mega_base_bridge) by extensions ['python_setup_py']
[0.169s] Level 1:colcon.colcon_core.package_identification:_identify(firmware/mega_base_bridge) by extension 'python_setup_py'
[0.169s] Level 1:colcon.colcon_core.package_identification:_identify(install) by extensions ['ignore', 'ignore_ament_install']
[0.169s] Level 1:colcon.colcon_core.package_identification:_identify(install) by extension 'ignore'
[0.169s] Level 1:colcon.colcon_core.package_identification:_identify(install) ignored
[0.169s] Level 1:colcon.colcon_core.package_identification:_identify(log) by extensions ['ignore', 'ignore_ament_install']
[0.169s] Level 1:colcon.colcon_core.package_identification:_identify(log) by extension 'ignore'
[0.169s] Level 1:colcon.colcon_core.package_identification:_identify(log) ignored
[0.169s] Level 1:colcon.colcon_core.package_identification:_identify(rosbag2_2025_10_31-01_53_16) by extensions ['ignore', 'ignore_ament_install']
[0.169s] Level 1:colcon.colcon_core.package_identification:_identify(rosbag2_2025_10_31-01_53_16) by extension 'ignore'
[0.170s] Level 1:colcon.colcon_core.package_identification:_identify(rosbag2_2025_10_31-01_53_16) by extension 'ignore_ament_install'
[0.170s] Level 1:colcon.colcon_core.package_identification:_identify(rosbag2_2025_10_31-01_53_16) by extensions ['colcon_pkg']
[0.170s] Level 1:colcon.colcon_core.package_identification:_identify(rosbag2_2025_10_31-01_53_16) by extension 'colcon_pkg'
[0.170s] Level 1:colcon.colcon_core.package_identification:_identify(rosbag2_2025_10_31-01_53_16) by extensions ['colcon_meta']
[0.170s] Level 1:colcon.colcon_core.package_identification:_identify(rosbag2_2025_10_31-01_53_16) by extension 'colcon_meta'
[0.170s] Level 1:colcon.colcon_core.package_identification:_identify(rosbag2_2025_10_31-01_53_16) by extensions ['ros']
[0.170s] Level 1:colcon.colcon_core.package_identification:_identify(rosbag2_2025_10_31-01_53_16) by extension 'ros'
[0.170s] Level 1:colcon.colcon_core.package_identification:_identify(rosbag2_2025_10_31-01_53_16) by extensions ['cmake', 'python']
[0.170s] Level 1:colcon.colcon_core.package_identification:_identify(rosbag2_2025_10_31-01_53_16) by extension 'cmake'
[0.170s] Level 1:colcon.colcon_core.package_identification:_identify(rosbag2_2025_10_31-01_53_16) by extension 'python'
[0.170s] Level 1:colcon.colcon_core.package_identification:_identify(rosbag2_2025_10_31-01_53_16) by extensions ['python_setup_py']
[0.170s] Level 1:colcon.colcon_core.package_identification:_identify(rosbag2_2025_10_31-01_53_16) by extension 'python_setup_py'
[0.170s] Level 1:colcon.colcon_core.package_identification:_identify(src) by extensions ['ignore', 'ignore_ament_install']
[0.170s] Level 1:colcon.colcon_core.package_identification:_identify(src) by extension 'ignore'
[0.170s] Level 1:colcon.colcon_core.package_identification:_identify(src) by extension 'ignore_ament_install'
[0.170s] Level 1:colcon.colcon_core.package_identification:_identify(src) by extensions ['colcon_pkg']
[0.170s] Level 1:colcon.colcon_core.package_identification:_identify(src) by extension 'colcon_pkg'
[0.170s] Level 1:colcon.colcon_core.package_identification:_identify(src) by extensions ['colcon_meta']
[0.170s] Level 1:colcon.colcon_core.package_identification:_identify(src) by extension 'colcon_meta'
[0.170s] Level 1:colcon.colcon_core.package_identification:_identify(src) by extensions ['ros']
[0.170s] Level 1:colcon.colcon_core.package_identification:_identify(src) by extension 'ros'
[0.171s] Level 1:colcon.colcon_core.package_identification:_identify(src) by extensions ['cmake', 'python']
[0.171s] Level 1:colcon.colcon_core.package_identification:_identify(src) by extension 'cmake'
[0.171s] Level 1:colcon.colcon_core.package_identification:_identify(src) by extension 'python'
[0.171s] Level 1:colcon.colcon_core.package_identification:_identify(src) by extensions ['python_setup_py']
[0.171s] Level 1:colcon.colcon_core.package_identification:_identify(src) by extension 'python_setup_py'
[0.171s] Level 1:colcon.colcon_core.package_identification:_identify(src/axiom_arm) by extensions ['ignore', 'ignore_ament_install']
[0.171s] Level 1:colcon.colcon_core.package_identification:_identify(src/axiom_arm) by extension 'ignore'
[0.171s] Level 1:colcon.colcon_core.package_identification:_identify(src/axiom_arm) by extension 'ignore_ament_install'
[0.171s] Level 1:colcon.colcon_core.package_identification:_identify(src/axiom_arm) by extensions ['colcon_pkg']
[0.171s] Level 1:colcon.colcon_core.package_identification:_identify(src/axiom_arm) by extension 'colcon_pkg'
[0.171s] Level 1:colcon.colcon_core.package_identification:_identify(src/axiom_arm) by extensions ['colcon_meta']
[0.171s] Level 1:colcon.colcon_core.package_identification:_identify(src/axiom_arm) by extension 'colcon_meta'
[0.171s] Level 1:colcon.colcon_core.package_identification:_identify(src/axiom_arm) by extensions ['ros']
[0.171s] Level 1:colcon.colcon_core.package_identification:_identify(src/axiom_arm) by extension 'ros'
[0.173s] DEBUG:colcon.colcon_core.package_identification:Package 'src/axiom_arm' with type 'ros.ament_python' and name 'axiom_arm'
[0.173s] Level 1:colcon.colcon_core.package_identification:_identify(src/axiom_base_bridge) by extensions ['ignore', 'ignore_ament_install']
[0.173s] Level 1:colcon.colcon_core.package_identification:_identify(src/axiom_base_bridge) by extension 'ignore'
[0.173s] Level 1:colcon.colcon_core.package_identification:_identify(src/axiom_base_bridge) by extension 'ignore_ament_install'
[0.174s] Level 1:colcon.colcon_core.package_identification:_identify(src/axiom_base_bridge) by extensions ['colcon_pkg']
[0.174s] Level 1:colcon.colcon_core.package_identification:_identify(src/axiom_base_bridge) by extension 'colcon_pkg'
[0.174s] Level 1:colcon.colcon_core.package_identification:_identify(src/axiom_base_bridge) by extensions ['colcon_meta']
[0.174s] Level 1:colcon.colcon_core.package_identification:_identify(src/axiom_base_bridge) by extension 'colcon_meta'
[0.174s] Level 1:colcon.colcon_core.package_identification:_identify(src/axiom_base_bridge) by extensions ['ros']
[0.174s] Level 1:colcon.colcon_core.package_identification:_identify(src/axiom_base_bridge) by extension 'ros'
[0.174s] DEBUG:colcon.colcon_core.package_identification:Package 'src/axiom_base_bridge' with type 'ros.ament_python' and name 'axiom_base_bridge'
[0.174s] Level 1:colcon.colcon_core.package_identification:_identify(src/axiom_bringup) by extensions ['ignore', 'ignore_ament_install']
[0.174s] Level 1:colcon.colcon_core.package_identification:_identify(src/axiom_bringup) by extension 'ignore'
[0.174s] Level 1:colcon.colcon_core.package_identification:_identify(src/axiom_bringup) by extension 'ignore_ament_install'
[0.175s] Level 1:colcon.colcon_core.package_identification:_identify(src/axiom_bringup) by extensions ['colcon_pkg']
[0.175s] Level 1:colcon.colcon_core.package_identification:_identify(src/axiom_bringup) by extension 'colcon_pkg'
[0.175s] Level 1:colcon.colcon_core.package_identification:_identify(src/axiom_bringup) by extensions ['colcon_meta']
[0.175s] Level 1:colcon.colcon_core.package_identification:_identify(src/axiom_bringup) by extension 'colcon_meta'
[0.175s] Level 1:colcon.colcon_core.package_identification:_identify(src/axiom_bringup) by extensions ['ros']
[0.175s] Level 1:colcon.colcon_core.package_identification:_identify(src/axiom_bringup) by extension 'ros'
[0.175s] DEBUG:colcon.colcon_core.package_identification:Package 'src/axiom_bringup' with type 'ros.ament_python' and name 'axiom_bringup'
[0.175s] Level 1:colcon.colcon_core.package_identification:_identify(src/axiom_mission) by extensions ['ignore', 'ignore_ament_install']
[0.175s] Level 1:colcon.colcon_core.package_identification:_identify(src/axiom_mission) by extension 'ignore'
[0.175s] Level 1:colcon.colcon_core.package_identification:_identify(src/axiom_mission) by extension 'ignore_ament_install'
[0.175s] Level 1:colcon.colcon_core.package_identification:_identify(src/axiom_mission) by extensions ['colcon_pkg']
[0.175s] Level 1:colcon.colcon_core.package_identification:_identify(src/axiom_mission) by extension 'colcon_pkg'
[0.175s] Level 1:colcon.colcon_core.package_identification:_identify(src/axiom_mission) by extensions ['colcon_meta']
[0.176s] Level 1:colcon.colcon_core.package_identification:_identify(src/axiom_mission) by extension 'colcon_meta'
[0.176s] Level 1:colcon.colcon_core.package_identification:_identify(src/axiom_mission) by extensions ['ros']
[0.176s] Level 1:colcon.colcon_core.package_identification:_identify(src/axiom_mission) by extension 'ros'
[0.176s] DEBUG:colcon.colcon_core.package_identification:Package 'src/axiom_mission' with type 'ros.ament_python' and name 'axiom_mission'
[0.176s] Level 1:colcon.colcon_core.package_identification:_identify(src/axiom_msgs) by extensions ['ignore', 'ignore_ament_install']
[0.176s] Level 1:colcon.colcon_core.package_identification:_identify(src/axiom_msgs) by extension 'ignore'
[0.176s] Level 1:colcon.colcon_core.package_identification:_identify(src/axiom_msgs) by extension 'ignore_ament_install'
[0.176s] Level 1:colcon.colcon_core.package_identification:_identify(src/axiom_msgs) by extensions ['colcon_pkg']
[0.176s] Level 1:colcon.colcon_core.package_identification:_identify(src/axiom_msgs) by extension 'colcon_pkg'
[0.176s] Level 1:colcon.colcon_core.package_identification:_identify(src/axiom_msgs) by extensions ['colcon_meta']
[0.176s] Level 1:colcon.colcon_core.package_identification:_identify(src/axiom_msgs) by extension 'colcon_meta'
[0.176s] Level 1:colcon.colcon_core.package_identification:_identify(src/axiom_msgs) by extensions ['ros']
[0.176s] Level 1:colcon.colcon_core.package_identification:_identify(src/axiom_msgs) by extension 'ros'
[0.177s] DEBUG:colcon.colcon_core.package_identification:Package 'src/axiom_msgs' with type 'ros.catkin' and name 'axiom_msgs'
[0.177s] Level 1:colcon.colcon_core.package_identification:_identify(src/axiom_perception) by extensions ['ignore', 'ignore_ament_install']
[0.177s] Level 1:colcon.colcon_core.package_identification:_identify(src/axiom_perception) by extension 'ignore'
[0.177s] Level 1:colcon.colcon_core.package_identification:_identify(src/axiom_perception) by extension 'ignore_ament_install'
[0.177s] Level 1:colcon.colcon_core.package_identification:_identify(src/axiom_perception) by extensions ['colcon_pkg']
[0.177s] Level 1:colcon.colcon_core.package_identification:_identify(src/axiom_perception) by extension 'colcon_pkg'
[0.177s] Level 1:colcon.colcon_core.package_identification:_identify(src/axiom_perception) by extensions ['colcon_meta']
[0.177s] Level 1:colcon.colcon_core.package_identification:_identify(src/axiom_perception) by extension 'colcon_meta'
[0.177s] Level 1:colcon.colcon_core.package_identification:_identify(src/axiom_perception) by extensions ['ros']
[0.177s] Level 1:colcon.colcon_core.package_identification:_identify(src/axiom_perception) by extension 'ros'
[0.178s] DEBUG:colcon.colcon_core.package_identification:Package 'src/axiom_perception' with type 'ros.ament_python' and name 'axiom_perception'
[0.178s] Level 1:colcon.colcon_core.package_identification:_identify(src/axiom_refbox_bridge) by extensions ['ignore', 'ignore_ament_install']
[0.178s] Level 1:colcon.colcon_core.package_identification:_identify(src/axiom_refbox_bridge) by extension 'ignore'
[0.178s] Level 1:colcon.colcon_core.package_identification:_identify(src/axiom_refbox_bridge) by extension 'ignore_ament_install'
[0.178s] Level 1:colcon.colcon_core.package_identification:_identify(src/axiom_refbox_bridge) by extensions ['colcon_pkg']
[0.178s] Level 1:colcon.colcon_core.package_identification:_identify(src/axiom_refbox_bridge) by extension 'colcon_pkg'
[0.178s] Level 1:colcon.colcon_core.package_identification:_identify(src/axiom_refbox_bridge) by extensions ['colcon_meta']
[0.178s] Level 1:colcon.colcon_core.package_identification:_identify(src/axiom_refbox_bridge) by extension 'colcon_meta'
[0.178s] Level 1:colcon.colcon_core.package_identification:_identify(src/axiom_refbox_bridge) by extensions ['ros']
[0.178s] Level 1:colcon.colcon_core.package_identification:_identify(src/axiom_refbox_bridge) by extension 'ros'
[0.179s] DEBUG:colcon.colcon_core.package_identification:Package 'src/axiom_refbox_bridge' with type 'ros.ament_python' and name 'axiom_refbox_bridge'
[0.179s] Level 1:colcon.colcon_core.package_identification:_identify(src/axiom_reverse_guard) by extensions ['ignore', 'ignore_ament_install']
[0.179s] Level 1:colcon.colcon_core.package_identification:_identify(src/axiom_reverse_guard) by extension 'ignore'
[0.179s] Level 1:colcon.colcon_core.package_identification:_identify(src/axiom_reverse_guard) by extension 'ignore_ament_install'
[0.179s] Level 1:colcon.colcon_core.package_identification:_identify(src/axiom_reverse_guard) by extensions ['colcon_pkg']
[0.179s] Level 1:colcon.colcon_core.package_identification:_identify(src/axiom_reverse_guard) by extension 'colcon_pkg'
[0.179s] Level 1:colcon.colcon_core.package_identification:_identify(src/axiom_reverse_guard) by extensions ['colcon_meta']
[0.179s] Level 1:colcon.colcon_core.package_identification:_identify(src/axiom_reverse_guard) by extension 'colcon_meta'
[0.179s] Level 1:colcon.colcon_core.package_identification:_identify(src/axiom_reverse_guard) by extensions ['ros']
[0.179s] Level 1:colcon.colcon_core.package_identification:_identify(src/axiom_reverse_guard) by extension 'ros'
[0.180s] DEBUG:colcon.colcon_core.package_identification:Package 'src/axiom_reverse_guard' with type 'ros.ament_python' and name 'axiom_reverse_guard'
[0.180s] Level 1:colcon.colcon_core.package_identification:_identify(src/axiom_utils) by extensions ['ignore', 'ignore_ament_install']
[0.180s] Level 1:colcon.colcon_core.package_identification:_identify(src/axiom_utils) by extension 'ignore'
[0.180s] Level 1:colcon.colcon_core.package_identification:_identify(src/axiom_utils) by extension 'ignore_ament_install'
[0.180s] Level 1:colcon.colcon_core.package_identification:_identify(src/axiom_utils) by extensions ['colcon_pkg']
[0.180s] Level 1:colcon.colcon_core.package_identification:_identify(src/axiom_utils) by extension 'colcon_pkg'
[0.180s] Level 1:colcon.colcon_core.package_identification:_identify(src/axiom_utils) by extensions ['colcon_meta']
[0.180s] Level 1:colcon.colcon_core.package_identification:_identify(src/axiom_utils) by extension 'colcon_meta'
[0.180s] Level 1:colcon.colcon_core.package_identification:_identify(src/axiom_utils) by extensions ['ros']
[0.180s] Level 1:colcon.colcon_core.package_identification:_identify(src/axiom_utils) by extension 'ros'
[0.181s] DEBUG:colcon.colcon_core.package_identification:Package 'src/axiom_utils' with type 'ros.ament_python' and name 'axiom_utils'
[0.181s] Level 1:colcon.colcon_core.package_discovery:discover_packages(recursive) using defaults
[0.181s] Level 1:colcon.colcon_core.package_discovery:discover_packages(ignore) discover
[0.181s] Level 1:colcon.colcon_core.package_discovery:discover_packages(ignore) using defaults
[0.181s] Level 1:colcon.colcon_core.package_discovery:discover_packages(path) discover
[0.181s] Level 1:colcon.colcon_core.package_discovery:discover_packages(path) using defaults
[0.198s] INFO:colcon.colcon_core.package_selection:Skipping not selected package 'axiom_arm' in 'src/axiom_arm'
[0.198s] INFO:colcon.colcon_core.package_selection:Skipping not selected package 'axiom_bringup' in 'src/axiom_bringup'
[0.198s] INFO:colcon.colcon_core.package_selection:Skipping not selected package 'axiom_mission' in 'src/axiom_mission'
[0.198s] INFO:colcon.colcon_core.package_selection:Skipping not selected package 'axiom_msgs' in 'src/axiom_msgs'
[0.198s] INFO:colcon.colcon_core.package_selection:Skipping not selected package 'axiom_perception' in 'src/axiom_perception'
[0.198s] INFO:colcon.colcon_core.package_selection:Skipping not selected package 'axiom_refbox_bridge' in 'src/axiom_refbox_bridge'
[0.198s] INFO:colcon.colcon_core.package_selection:Skipping not selected package 'axiom_reverse_guard' in 'src/axiom_reverse_guard'
[0.198s] INFO:colcon.colcon_core.package_selection:Skipping not selected package 'axiom_utils' in 'src/axiom_utils'
[0.198s] Level 1:colcon.colcon_core.package_discovery:discover_packages(prefix_path) check parameters
[0.198s] Level 1:colcon.colcon_core.package_discovery:discover_packages(prefix_path) discover
[0.200s] WARNING:colcon.colcon_ros.prefix_path.ament:The path '/home/ing-vishwa/Desktop/Axiom_Robotics/axiom_ws/install/usb_cam' in the environment variable AMENT_PREFIX_PATH doesn't exist
[0.200s] WARNING:colcon.colcon_ros.prefix_path.ament:The path '/home/ing-vishwa/Desktop/Axiom_Robotics/axiom_ws/install/twist_mux' in the environment variable AMENT_PREFIX_PATH doesn't exist
[0.200s] WARNING:colcon.colcon_ros.prefix_path.ament:The path '/home/ing-vishwa/Desktop/Axiom_Robotics/axiom_ws/install/sllidar_ros2' in the environment variable AMENT_PREFIX_PATH doesn't exist
[0.200s] WARNING:colcon.colcon_ros.prefix_path.ament:The path '/home/ing-vishwa/Desktop/Axiom_Robotics/axiom_ws/install/axiom_utils' in the environment variable AMENT_PREFIX_PATH doesn't exist
[0.200s] WARNING:colcon.colcon_ros.prefix_path.ament:The path '/home/ing-vishwa/Desktop/Axiom_Robotics/axiom_ws/install/axiom_reverse_guard' in the environment variable AMENT_PREFIX_PATH doesn't exist
[0.200s] WARNING:colcon.colcon_ros.prefix_path.ament:The path '/home/ing-vishwa/Desktop/Axiom_Robotics/axiom_ws/install/axiom_refbox_bridge' in the environment variable AMENT_PREFIX_PATH doesn't exist
[0.200s] WARNING:colcon.colcon_ros.prefix_path.ament:The path '/home/ing-vishwa/Desktop/Axiom_Robotics/axiom_ws/install/axiom_perception' in the environment variable AMENT_PREFIX_PATH doesn't exist
[0.200s] WARNING:colcon.colcon_ros.prefix_path.ament:The path '/home/ing-vishwa/Desktop/Axiom_Robotics/axiom_ws/install/axiom_mission' in the environment variable AMENT_PREFIX_PATH doesn't exist
[0.200s] WARNING:colcon.colcon_ros.prefix_path.ament:The path '/home/ing-vishwa/Desktop/Axiom_Robotics/axiom_ws/install/axiom_bringup' in the environment variable AMENT_PREFIX_PATH doesn't exist
[0.200s] WARNING:colcon.colcon_ros.prefix_path.ament:The path '/home/ing-vishwa/Desktop/Axiom_Robotics/axiom_ws/install/axiom_arm' in the environment variable AMENT_PREFIX_PATH doesn't exist
[0.201s] WARNING:colcon.colcon_ros.prefix_path.catkin:The path '/home/ing-vishwa/Desktop/Axiom_Robotics/axiom_ws/install/usb_cam' in the environment variable CMAKE_PREFIX_PATH doesn't exist
[0.201s] WARNING:colcon.colcon_ros.prefix_path.catkin:The path '/home/ing-vishwa/Desktop/Axiom_Robotics/axiom_ws/install/twist_mux' in the environment variable CMAKE_PREFIX_PATH doesn't exist
[0.201s] WARNING:colcon.colcon_ros.prefix_path.catkin:The path '/home/ing-vishwa/Desktop/Axiom_Robotics/axiom_ws/install/sllidar_ros2' in the environment variable CMAKE_PREFIX_PATH doesn't exist
[0.201s] WARNING:colcon.colcon_ros.prefix_path.catkin:The path '/home/ing-vishwa/Desktop/Axiom_Robotics/axiom_ws/install/axiom_msgs' in the environment variable CMAKE_PREFIX_PATH doesn't exist
[0.202s] DEBUG:colcon.colcon_installed_package_information.package_discovery:Found 1 installed packages in /home/ing-vishwa/Desktop/Axiom_Robotics/axiom_ws/install
[0.204s] DEBUG:colcon.colcon_installed_package_information.package_discovery:Found 431 installed packages in /opt/ros/jazzy
[0.205s] Level 1:colcon.colcon_core.package_discovery:discover_packages(prefix_path) using defaults
[0.267s] Level 5:colcon.colcon_core.verb:set package 'axiom_base_bridge' build argument 'cmake_args' from command line to 'None'
[0.267s] Level 5:colcon.colcon_core.verb:set package 'axiom_base_bridge' build argument 'cmake_target' from command line to 'None'
[0.267s] Level 5:colcon.colcon_core.verb:set package 'axiom_base_bridge' build argument 'cmake_target_skip_unavailable' from command line to 'False'
[0.267s] Level 5:colcon.colcon_core.verb:set package 'axiom_base_bridge' build argument 'cmake_clean_cache' from command line to 'False'
[0.267s] Level 5:colcon.colcon_core.verb:set package 'axiom_base_bridge' build argument 'cmake_clean_first' from command line to 'False'
[0.267s] Level 5:colcon.colcon_core.verb:set package 'axiom_base_bridge' build argument 'cmake_force_configure' from command line to 'False'
[0.267s] Level 5:colcon.colcon_core.verb:set package 'axiom_base_bridge' build argument 'ament_cmake_args' from command line to 'None'
[0.267s] Level 5:colcon.colcon_core.verb:set package 'axiom_base_bridge' build argument 'catkin_cmake_args' from command line to 'None'
[0.267s] Level 5:colcon.colcon_core.verb:set package 'axiom_base_bridge' build argument 'catkin_skip_building_tests' from command line to 'False'
[0.267s] DEBUG:colcon.colcon_core.verb:Building package 'axiom_base_bridge' with the following arguments: {'ament_cmake_args': None, 'build_base': '/home/ing-vishwa/Desktop/Axiom_Robotics/axiom_ws/build/axiom_base_bridge', 'catkin_cmake_args': None, 'catkin_skip_building_tests': False, 'cmake_args': None, 'cmake_clean_cache': False, 'cmake_clean_first': False, 'cmake_force_configure': False, 'cmake_target': None, 'cmake_target_skip_unavailable': False, 'install_base': '/home/ing-vishwa/Desktop/Axiom_Robotics/axiom_ws/install/axiom_base_bridge', 'merge_install': False, 'path': '/home/ing-vishwa/Desktop/Axiom_Robotics/axiom_ws/src/axiom_base_bridge', 'symlink_install': True, 'test_result_base': None}
[0.267s] INFO:colcon.colcon_core.executor:Executing jobs using 'parallel' executor
[0.268s] DEBUG:colcon.colcon_parallel_executor.executor.parallel:run_until_complete
[0.268s] INFO:colcon.colcon_ros.task.ament_python.build:Building ROS package in '/home/ing-vishwa/Desktop/Axiom_Robotics/axiom_ws/src/axiom_base_bridge' with build type 'ament_python'
[0.268s] Level 1:colcon.colcon_core.shell:create_environment_hook('axiom_base_bridge', 'ament_prefix_path')
[0.271s] INFO:colcon.colcon_core.plugin_system:Skipping extension 'colcon_core.shell.bat': Not used on non-Windows systems
[0.271s] INFO:colcon.colcon_core.shell:Creating environment hook '/home/ing-vishwa/Desktop/Axiom_Robotics/axiom_ws/install/axiom_base_bridge/share/axiom_base_bridge/hook/ament_prefix_path.ps1'
[0.272s] INFO:colcon.colcon_core.shell:Creating environment descriptor '/home/ing-vishwa/Desktop/Axiom_Robotics/axiom_ws/install/axiom_base_bridge/share/axiom_base_bridge/hook/ament_prefix_path.dsv'
[0.272s] INFO:colcon.colcon_core.shell:Creating environment hook '/home/ing-vishwa/Desktop/Axiom_Robotics/axiom_ws/install/axiom_base_bridge/share/axiom_base_bridge/hook/ament_prefix_path.sh'
[0.273s] INFO:colcon.colcon_core.shell:Skip shell extension 'powershell' for command environment: Not usable outside of PowerShell
[0.273s] DEBUG:colcon.colcon_core.shell:Skip shell extension 'dsv' for command environment
[0.530s] INFO:colcon.colcon_core.task.python.build:Building Python package in '/home/ing-vishwa/Desktop/Axiom_Robotics/axiom_ws/src/axiom_base_bridge'
[0.530s] INFO:colcon.colcon_core.shell:Skip shell extension 'powershell' for command environment: Not usable outside of PowerShell
[0.530s] DEBUG:colcon.colcon_core.shell:Skip shell extension 'dsv' for command environment
[1.263s] DEBUG:colcon.colcon_core.event_handler.log_command:Invoking command in '/home/ing-vishwa/Desktop/Axiom_Robotics/axiom_ws/build/axiom_base_bridge': DEBUGINFOD_URLS=https://debuginfod.ubuntu.com PYTHONPATH=/home/ing-vishwa/Desktop/Axiom_Robotics/axiom_ws/build/axiom_base_bridge/prefix_override:/usr/lib/python3/dist-packages/colcon_core/task/python/colcon_distutils_commands:/home/ing-vishwa/Desktop/Axiom_Robotics/axiom_ws/install/axiom_base_bridge/lib/python3.12/site-packages:${PYTHONPATH} /usr/bin/python3 -W ignore:setup.py install is deprecated -W ignore:easy_install command is deprecated setup.py develop --editable --build-directory /home/ing-vishwa/Desktop/Axiom_Robotics/axiom_ws/build/axiom_base_bridge/build --no-deps symlink_data
[2.145s] Level 1:colcon.colcon_core.shell:create_environment_hook('axiom_base_bridge', 'pythonpath_develop')
[2.145s] INFO:colcon.colcon_core.shell:Creating environment hook '/home/ing-vishwa/Desktop/Axiom_Robotics/axiom_ws/build/axiom_base_bridge/share/axiom_base_bridge/hook/pythonpath_develop.ps1'
[2.146s] DEBUG:colcon.colcon_core.event_handler.log_command:Invoked command in '/home/ing-vishwa/Desktop/Axiom_Robotics/axiom_ws/build/axiom_base_bridge' returned '0': DEBUGINFOD_URLS=https://debuginfod.ubuntu.com PYTHONPATH=/home/ing-vishwa/Desktop/Axiom_Robotics/axiom_ws/build/axiom_base_bridge/prefix_override:/usr/lib/python3/dist-packages/colcon_core/task/python/colcon_distutils_commands:/home/ing-vishwa/Desktop/Axiom_Robotics/axiom_ws/install/axiom_base_bridge/lib/python3.12/site-packages:${PYTHONPATH} /usr/bin/python3 -W ignore:setup.py install is deprecated -W ignore:easy_install command is deprecated setup.py develop --editable --build-directory /home/ing-vishwa/Desktop/Axiom_Robotics/axiom_ws/build/axiom_base_bridge/build --no-deps symlink_data
[2.146s] INFO:colcon.colcon_core.shell:Creating environment descriptor '/home/ing-vishwa/Desktop/Axiom_Robotics/axiom_ws/build/axiom_base_bridge/share/axiom_base_bridge/hook/pythonpath_develop.dsv'
[2.147s] INFO:colcon.colcon_core.shell:Creating environment hook '/home/ing-vishwa/Desktop/Axiom_Robotics/axiom_ws/build/axiom_base_bridge/share/axiom_base_bridge/hook/pythonpath_develop.sh'
[2.150s] Level 1:colcon.colcon_core.environment:checking '/home/ing-vishwa/Desktop/Axiom_Robotics/axiom_ws/install/axiom_base_bridge' for CMake module files
[2.150s] Level 1:colcon.colcon_core.environment:checking '/home/ing-vishwa/Desktop/Axiom_Robotics/axiom_ws/install/axiom_base_bridge' for CMake config files
[2.151s] Level 1:colcon.colcon_core.environment:checking '/home/ing-vishwa/Desktop/Axiom_Robotics/axiom_ws/install/axiom_base_bridge/lib'
[2.151s] Level 1:colcon.colcon_core.environment:checking '/home/ing-vishwa/Desktop/Axiom_Robotics/axiom_ws/install/axiom_base_bridge/bin'
[2.151s] Level 1:colcon.colcon_core.environment:checking '/home/ing-vishwa/Desktop/Axiom_Robotics/axiom_ws/install/axiom_base_bridge/lib/pkgconfig/axiom_base_bridge.pc'
[2.152s] Level 1:colcon.colcon_core.environment:checking '/home/ing-vishwa/Desktop/Axiom_Robotics/axiom_ws/install/axiom_base_bridge/lib/python3.12/site-packages'
[2.152s] Level 1:colcon.colcon_core.shell:create_environment_hook('axiom_base_bridge', 'pythonpath')
[2.152s] INFO:colcon.colcon_core.shell:Creating environment hook '/home/ing-vishwa/Desktop/Axiom_Robotics/axiom_ws/install/axiom_base_bridge/share/axiom_base_bridge/hook/pythonpath.ps1'
[2.152s] INFO:colcon.colcon_core.shell:Creating environment descriptor '/home/ing-vishwa/Desktop/Axiom_Robotics/axiom_ws/install/axiom_base_bridge/share/axiom_base_bridge/hook/pythonpath.dsv'
[2.153s] INFO:colcon.colcon_core.shell:Creating environment hook '/home/ing-vishwa/Desktop/Axiom_Robotics/axiom_ws/install/axiom_base_bridge/share/axiom_base_bridge/hook/pythonpath.sh'
[2.154s] Level 1:colcon.colcon_core.environment:checking '/home/ing-vishwa/Desktop/Axiom_Robotics/axiom_ws/install/axiom_base_bridge/bin'
[2.154s] Level 1:colcon.colcon_core.environment:create_environment_scripts_only(axiom_base_bridge)
[2.154s] INFO:colcon.colcon_core.shell:Creating package script '/home/ing-vishwa/Desktop/Axiom_Robotics/axiom_ws/install/axiom_base_bridge/share/axiom_base_bridge/package.ps1'
[2.155s] INFO:colcon.colcon_core.shell:Creating package descriptor '/home/ing-vishwa/Desktop/Axiom_Robotics/axiom_ws/install/axiom_base_bridge/share/axiom_base_bridge/package.dsv'
[2.156s] INFO:colcon.colcon_core.shell:Creating package script '/home/ing-vishwa/Desktop/Axiom_Robotics/axiom_ws/install/axiom_base_bridge/share/axiom_base_bridge/package.sh'
[2.157s] INFO:colcon.colcon_core.shell:Creating package script '/home/ing-vishwa/Desktop/Axiom_Robotics/axiom_ws/install/axiom_base_bridge/share/axiom_base_bridge/package.bash'
[2.157s] INFO:colcon.colcon_core.shell:Creating package script '/home/ing-vishwa/Desktop/Axiom_Robotics/axiom_ws/install/axiom_base_bridge/share/axiom_base_bridge/package.zsh'
[2.158s] Level 1:colcon.colcon_core.environment:create_file_with_runtime_dependencies(/home/ing-vishwa/Desktop/Axiom_Robotics/axiom_ws/install/axiom_base_bridge/share/colcon-core/packages/axiom_base_bridge)
[2.159s] DEBUG:colcon.colcon_parallel_executor.executor.parallel:closing loop
[2.159s] DEBUG:colcon.colcon_parallel_executor.executor.parallel:loop closed
[2.159s] DEBUG:colcon.colcon_parallel_executor.executor.parallel:run_until_complete finished with '0'
[2.159s] DEBUG:colcon.colcon_core.event_reactor:joining thread
[2.175s] INFO:colcon.colcon_core.plugin_system:Skipping extension 'colcon_notification.desktop_notification.terminal_notifier': Not used on non-Darwin systems
[2.175s] INFO:colcon.colcon_core.plugin_system:Skipping extension 'colcon_notification.desktop_notification.win32': Not used on non-Windows systems
[2.175s] INFO:colcon.colcon_notification.desktop_notification:Sending desktop notification using 'notify2'
[2.194s] DEBUG:colcon.colcon_core.event_reactor:joined thread
[2.194s] INFO:colcon.colcon_core.shell:Creating prefix script '/home/ing-vishwa/Desktop/Axiom_Robotics/axiom_ws/install/local_setup.ps1'
[2.195s] INFO:colcon.colcon_core.shell:Creating prefix util module '/home/ing-vishwa/Desktop/Axiom_Robotics/axiom_ws/install/_local_setup_util_ps1.py'
[2.196s] INFO:colcon.colcon_core.shell:Creating prefix chain script '/home/ing-vishwa/Desktop/Axiom_Robotics/axiom_ws/install/setup.ps1'
[2.197s] INFO:colcon.colcon_core.shell:Creating prefix script '/home/ing-vishwa/Desktop/Axiom_Robotics/axiom_ws/install/local_setup.sh'
[2.198s] INFO:colcon.colcon_core.shell:Creating prefix util module '/home/ing-vishwa/Desktop/Axiom_Robotics/axiom_ws/install/_local_setup_util_sh.py'
[2.198s] INFO:colcon.colcon_core.shell:Creating prefix chain script '/home/ing-vishwa/Desktop/Axiom_Robotics/axiom_ws/install/setup.sh'
[2.200s] INFO:colcon.colcon_core.shell:Creating prefix script '/home/ing-vishwa/Desktop/Axiom_Robotics/axiom_ws/install/local_setup.bash'
[2.201s] INFO:colcon.colcon_core.shell:Creating prefix chain script '/home/ing-vishwa/Desktop/Axiom_Robotics/axiom_ws/install/setup.bash'
[2.202s] INFO:colcon.colcon_core.shell:Creating prefix script '/home/ing-vishwa/Desktop/Axiom_Robotics/axiom_ws/install/local_setup.zsh'
[2.202s] INFO:colcon.colcon_core.shell:Creating prefix chain script '/home/ing-vishwa/Desktop/Axiom_Robotics/axiom_ws/install/setup.zsh'
